[08-Nov-2012 09:43:04 - INFO] "java.util.ConcurrentModificationException" (com.compomics.thermo_msf_parser.gui.Thermo_msf_parserGUILowMem$17:886)
[08-Nov-2012 09:43:52 - INFO] "java.util.ConcurrentModificationException" (com.compomics.thermo_msf_parser.gui.Thermo_msf_parserGUILowMem$17:886)
[15-Nov-2012 19:21:11 - INFO] "java.lang.UnsupportedOperationException: Not supported yet." (com.compomics.thermo_msf_parser.gui.Thermo_msf_parserGUILowMem$17:885)
[28-Jan-2013 16:05:21 - ERROR] "java.sql.SQLException: [SQLITE_ERROR] SQL error or missing database (near "group": syntax error)" (com.compomics.thermo_msf_parser.msf.CustomDataLowMemController:58)
[28-Jan-2013 16:08:42 - ERROR] "java.sql.SQLException: [SQLITE_ERROR] SQL error or missing database (near "group": syntax error)" (com.compomics.thermo_msf_parser.msf.CustomDataLowMemController:58)
[28-Jan-2013 16:08:57 - ERROR] "java.sql.SQLException: [SQLITE_ERROR] SQL error or missing database (near "group": syntax error)" (com.compomics.thermo_msf_parser.msf.CustomDataLowMemController:58)
[28-Jan-2013 16:09:14 - ERROR] "java.sql.SQLException: [SQLITE_ERROR] SQL error or missing database (near "group": syntax error)" (com.compomics.thermo_msf_parser.msf.CustomDataLowMemController:58)
[28-Jan-2013 16:09:53 - ERROR] "java.sql.SQLException: [SQLITE_ERROR] SQL error or missing database (near "group": syntax error)" (com.compomics.thermo_msf_parser.msf.CustomDataLowMemController:58)
[28-Jan-2013 16:10:08 - ERROR] "java.sql.SQLException: [SQLITE_ERROR] SQL error or missing database (near "group": syntax error)" (com.compomics.thermo_msf_parser.msf.CustomDataLowMemController:58)
[29-Jan-2013 10:33:48 - ERROR] "java.sql.SQLException: [SQLITE_ERROR] SQL error or missing database (near "group": syntax error)" (com.compomics.thermo_msf_parser.msf.CustomDataLowMemController:58)
[29-Jan-2013 10:40:11 - ERROR] "java.sql.SQLException: [SQLITE_ERROR] SQL error or missing database (near "group": syntax error)" (com.compomics.thermo_msf_parser.msf.CustomDataLowMemController:58)
[29-Jan-2013 10:40:36 - ERROR] "java.sql.SQLException: [SQLITE_ERROR] SQL error or missing database (near "group": syntax error)" (com.compomics.thermo_msf_parser.msf.CustomDataLowMemController:58)
[29-Jan-2013 10:42:28 - ERROR] "java.sql.SQLException: [SQLITE_ERROR] SQL error or missing database (near "group": syntax error)" (com.compomics.thermo_msf_parser.msf.CustomDataLowMemController:58)
[29-Jan-2013 10:42:28 - ERROR] "java.sql.SQLException: [SQLITE_ERROR] SQL error or missing database (no such column: Cornwall_Mus.fasta)" (com.compomics.thermo_msf_parser.msf.FastaLowMemController:58)
[29-Jan-2013 14:37:46 - ERROR] "java.sql.SQLException: [SQLITE_ERROR] SQL error or missing database (near "group": syntax error)" (com.compomics.thermo_msf_parser.msf.CustomDataLowMemController:58)
[29-Jan-2013 14:37:46 - ERROR] "java.sql.SQLException: [SQLITE_ERROR] SQL error or missing database (no such column: Cornwall_Mus.fasta)" (com.compomics.thermo_msf_parser.msf.FastaLowMemController:58)
[29-Jan-2013 14:38:53 - ERROR] "java.sql.SQLException: [SQLITE_ERROR] SQL error or missing database (near "group": syntax error)" (com.compomics.thermo_msf_parser.msf.CustomDataLowMemController:58)
[29-Jan-2013 14:42:15 - ERROR] "java.sql.SQLException: [SQLITE_ERROR] SQL error or missing database (near "group": syntax error)" (com.compomics.thermo_msf_parser.msf.CustomDataLowMemController:58)
[29-Jan-2013 14:42:29 - ERROR] "java.sql.SQLException: [SQLITE_ERROR] SQL error or missing database (near "group": syntax error)" (com.compomics.thermo_msf_parser.msf.CustomDataLowMemController:58)
[29-Jan-2013 14:42:41 - ERROR] "java.sql.SQLException: [SQLITE_ERROR] SQL error or missing database (near "group": syntax error)" (com.compomics.thermo_msf_parser.msf.CustomDataLowMemController:58)
[29-Jan-2013 14:42:57 - ERROR] "java.sql.SQLException: [SQLITE_ERROR] SQL error or missing database (near "group": syntax error)" (com.compomics.thermo_msf_parser.msf.CustomDataLowMemController:58)
[29-Jan-2013 14:59:55 - ERROR] "java.sql.SQLException: [SQLITE_ERROR] SQL error or missing database (near "group": syntax error)" (com.compomics.thermo_msf_parser.msf.CustomDataLowMemController:58)
[29-Jan-2013 16:14:16 - ERROR] "java.sql.SQLException: [SQLITE_ERROR] SQL error or missing database (ambiguous column name: PeptideID)" (com.compomics.thermo_msf_parser.msf.PeptideLowMemController:230)
[29-Jan-2013 16:23:45 - ERROR] "java.sql.SQLException: no such column: 'p.ConfidenceLevel'" (com.compomics.thermo_msf_parser.msf.PeptideLowMemController:230)
[29-Jan-2013 16:24:50 - INFO] "java.lang.StringIndexOutOfBoundsException: String index out of range: -1" (com.compomics.thermo_msf_parser.gui.Thermo_msf_parserGUILowMem$17:904)
[29-Jan-2013 16:25:53 - INFO] "java.lang.StringIndexOutOfBoundsException: String index out of range: -1" (com.compomics.thermo_msf_parser.gui.Thermo_msf_parserGUILowMem$17:904)
[29-Jan-2013 16:57:37 - INFO] "java.lang.StringIndexOutOfBoundsException: String index out of range: -1" (com.compomics.thermo_msf_parser.gui.Thermo_msf_parserGUILowMem$17:899)
[30-Jan-2013 12:40:43 - INFO] "java.lang.StringIndexOutOfBoundsException: String index out of range: -2625" (com.compomics.thermo_msf_parser.gui.Thermo_msf_parserGUILowMem:2771)
[30-Jan-2013 12:40:46 - INFO] "java.lang.StringIndexOutOfBoundsException: String index out of range: -2648" (com.compomics.thermo_msf_parser.gui.Thermo_msf_parserGUILowMem:2771)
[30-Jan-2013 12:40:46 - INFO] "java.lang.StringIndexOutOfBoundsException: String index out of range: -2646" (com.compomics.thermo_msf_parser.gui.Thermo_msf_parserGUILowMem:2771)
[30-Jan-2013 12:40:47 - INFO] "java.lang.StringIndexOutOfBoundsException: String index out of range: -2647" (com.compomics.thermo_msf_parser.gui.Thermo_msf_parserGUILowMem:2771)
[30-Jan-2013 12:40:47 - INFO] "java.lang.StringIndexOutOfBoundsException: String index out of range: -2635" (com.compomics.thermo_msf_parser.gui.Thermo_msf_parserGUILowMem:2771)
[30-Jan-2013 12:40:48 - INFO] "java.lang.StringIndexOutOfBoundsException: String index out of range: -2635" (com.compomics.thermo_msf_parser.gui.Thermo_msf_parserGUILowMem:2771)
[30-Jan-2013 12:40:49 - INFO] "java.lang.StringIndexOutOfBoundsException: String index out of range: -2645" (com.compomics.thermo_msf_parser.gui.Thermo_msf_parserGUILowMem:2771)
[30-Jan-2013 12:40:49 - INFO] "java.lang.StringIndexOutOfBoundsException: String index out of range: -2615" (com.compomics.thermo_msf_parser.gui.Thermo_msf_parserGUILowMem:2771)
[30-Jan-2013 12:40:51 - INFO] "java.lang.StringIndexOutOfBoundsException: String index out of range: -2646" (com.compomics.thermo_msf_parser.gui.Thermo_msf_parserGUILowMem:2771)
[12-Feb-2013 14:33:23 - ERROR] "java.sql.SQLException: [SQLITE_ERROR] SQL error or missing database (ambiguous column name: PeptideID)" (com.compomics.thermo_msf_parser.msf.PeptideLowMemController:230)
[12-Feb-2013 14:35:31 - ERROR] "java.sql.SQLException: [SQLITE_ERROR] SQL error or missing database (no such column: PeptidesProteins.ProteinID)" (com.compomics.thermo_msf_parser.msf.PeptideLowMemController:230)
[14-Feb-2013 09:14:45 - INFO] "java.lang.NullPointerException" (com.compomics.thermo_msf_parser.gui.Thermo_msf_parserGUILowMem:2757)
[14-Feb-2013 09:15:12 - INFO] "java.lang.NullPointerException" (com.compomics.thermo_msf_parser.gui.Thermo_msf_parserGUILowMem:2757)
[14-Feb-2013 09:21:35 - INFO] "java.lang.NullPointerException" (com.compomics.thermo_msf_parser.gui.Thermo_msf_parserGUILowMem:2757)
[14-Feb-2013 09:54:23 - INFO] "java.lang.NullPointerException" (com.compomics.thermo_msf_parser.gui.Thermo_msf_parserGUILowMem:2759)
[14-Feb-2013 11:14:58 - INFO] "java.lang.IndexOutOfBoundsException: Index: 1, Size: 1" (com.compomics.thermo_msf_parser.gui.Thermo_msf_parserGUILowMem:2759)
[14-Feb-2013 11:48:25 - INFO] "java.lang.IndexOutOfBoundsException: Index: 1, Size: 1" (com.compomics.thermo_msf_parser.gui.Thermo_msf_parserGUILowMem:2759)
[14-Feb-2013 11:58:40 - INFO] "java.lang.IndexOutOfBoundsException: Index: 1, Size: 1" (com.compomics.thermo_msf_parser.gui.Thermo_msf_parserGUILowMem:2759)
[14-Feb-2013 12:08:11 - INFO] "java.lang.IndexOutOfBoundsException: Index: 1, Size: 1" (com.compomics.thermo_msf_parser.gui.Thermo_msf_parserGUILowMem:2759)
[14-Feb-2013 12:08:19 - INFO] "java.lang.IndexOutOfBoundsException: Index: 1, Size: 1" (com.compomics.thermo_msf_parser.gui.Thermo_msf_parserGUILowMem:2759)
[14-Feb-2013 12:08:55 - INFO] "java.lang.IndexOutOfBoundsException: Index: 1, Size: 1" (com.compomics.thermo_msf_parser.gui.Thermo_msf_parserGUILowMem:2759)
[15-Feb-2013 10:59:16 - INFO] "java.lang.NullPointerException" (com.compomics.thermo_msf_parser.gui.Thermo_msf_parserGUILowMem$17:844)
